Using pre-set license
Built from '2021.2/staging' branch; Version is '2021.2.8f1 (d0e5f0a7b06a) revision 13690352'; Using compiler version '192829333'; Build Type 'Release'
OS: 'Windows 10  (10.0.19043) 64bit Professional' Language: 'en' Physical Memory: 8113 MB
BatchMode: 1, IsHumanControllingUs: 0, StartBugReporterOnCrash: 0, Is64bit: 1, IsPro: 0

COMMAND LINE ARGUMENTS:
C:\Program Files\Unity 2021.2.8f1\Editor\Unity.exe
-adb2
-batchMode
-noUpm
-name
AssetImportWorker0
-projectPath
C:/Users/Chukwuemeka/Documents/ExtendedReality/GitHub/FurnishAR
-logFile
Logs/AssetImportWorker0.log
-srvPort
63128
Successfully changed project path to: C:/Users/Chukwuemeka/Documents/ExtendedReality/GitHub/FurnishAR
C:/Users/Chukwuemeka/Documents/ExtendedReality/GitHub/FurnishAR
[UnityMemory] Configuration Parameters - Can be set up in boot.config
    "memorysetup-bucket-allocator-granularity=16"
    "memorysetup-bucket-allocator-bucket-count=8"
    "memorysetup-bucket-allocator-block-size=33554432"
    "memorysetup-bucket-allocator-block-count=8"
    "memorysetup-main-allocator-block-size=16777216"
    "memorysetup-thread-allocator-block-size=16777216"
    "memorysetup-gfx-main-allocator-block-size=16777216"
    "memorysetup-gfx-thread-allocator-block-size=16777216"
    "memorysetup-cache-allocator-block-size=4194304"
    "memorysetup-typetree-allocator-block-size=2097152"
    "memorysetup-profiler-bucket-allocator-granularity=16"
    "memorysetup-profiler-bucket-allocator-bucket-count=8"
    "memorysetup-profiler-bucket-allocator-block-size=33554432"
    "memorysetup-profiler-bucket-allocator-block-count=8"
    "memorysetup-profiler-allocator-block-size=16777216"
    "memorysetup-profiler-editor-allocator-block-size=1048576"
    "memorysetup-temp-allocator-size-main=16777216"
    "memorysetup-job-temp-allocator-block-size=2097152"
    "memorysetup-job-temp-allocator-block-size-background=1048576"
    "memorysetup-job-temp-allocator-reduction-small-platforms=262144"
    "memorysetup-temp-allocator-size-background-worker=32768"
    "memorysetup-temp-allocator-size-job-worker=262144"
    "memorysetup-temp-allocator-size-preload-manager=33554432"
    "memorysetup-temp-allocator-size-nav-mesh-worker=65536"
    "memorysetup-temp-allocator-size-audio-worker=65536"
    "memorysetup-temp-allocator-size-cloud-worker=32768"
    "memorysetup-temp-allocator-size-gi-baking-worker=262144"
    "memorysetup-temp-allocator-size-gfx=262144"
Refreshing native plugins compatible for Editor in 499.89 ms, found 3 plugins.
Preloading 0 native plugins for Editor in 0.00 ms.
Initialize engine version: 2021.2.8f1 (d0e5f0a7b06a)
[Subsystems] Discovering subsystems at path C:/Program Files/Unity 2021.2.8f1/Editor/Data/Resources/UnitySubsystems
[Subsystems] Discovering subsystems at path C:/Users/Chukwuemeka/Documents/ExtendedReality/GitHub/FurnishAR/Assets
GfxDevice: creating device client; threaded=0; jobified=0
Direct3D:
    Version:  Direct3D 11.0 [level 11.1]
    Renderer: Intel(R) HD Graphics Family (ID=0xa16)
    Vendor:   Intel
    VRAM:     2048 MB
    Driver:   20.19.15.4835
Initialize mono
Mono path[0] = 'C:/Program Files/Unity 2021.2.8f1/Editor/Data/Managed'
Mono path[1] = 'C:/Program Files/Unity 2021.2.8f1/Editor/Data/MonoBleedingEdge/lib/mono/unityjit-win32'
Mono config path = 'C:/Program Files/Unity 2021.2.8f1/Editor/Data/MonoBleedingEdge/etc'
Using monoOptions --debugger-agent=transport=dt_socket,embedding=1,server=y,suspend=n,address=127.0.0.1:56356
Begin MonoManager ReloadAssembly
Registering precompiled unity dll's ...
Register platform support module: C:/Program Files/Unity 2021.2.8f1/Editor/Data/PlaybackEngines/WindowsStandaloneSupport/UnityEditor.WindowsStandalone.Extensions.dll
Registered in 0.019180 seconds.
Native extension for WindowsStandalone target not found
Refreshing native plugins compatible for Editor in 304.01 ms, found 3 plugins.
Preloading 0 native plugins for Editor in 0.00 ms.
Mono: successfully reloaded assembly
- Completed reload, in  2.177 seconds
Domain Reload Profiling:
	ReloadAssembly (2179ms)
		BeginReloadAssembly (179ms)
			ExecutionOrderSort (0ms)
			DisableScriptedObjects (0ms)
			BackupInstance (0ms)
			ReleaseScriptingObjects (0ms)
			CreateAndSetChildDomain (1ms)
		EndReloadAssembly (1618ms)
			LoadAssemblies (177ms)
			RebuildTransferFunctionScriptingTraits (0ms)
			SetupTypeCache (400ms)
			ReleaseScriptCaches (0ms)
			RebuildScriptCaches (87ms)
			SetupLoadedEditorAssemblies (836ms)
				LogAssemblyErrors (0ms)
				InitializePlatformSupportModulesInManaged (30ms)
				SetLoadedEditorAssemblies (0ms)
				RefreshPlugins (304ms)
				BeforeProcessingInitializeOnLoad (2ms)
				ProcessInitializeOnLoadAttributes (367ms)
				ProcessInitializeOnLoadMethodAttributes (133ms)
				AfterProcessingInitializeOnLoad (0ms)
				EditorAssembliesLoaded (0ms)
			ExecutionOrderSort2 (0ms)
			AwakeInstancesAfterBackupRestoration (0ms)
Platform modules already initialized, skipping
Registering precompiled user dll's ...
Registered in 0.031501 seconds.
Begin MonoManager ReloadAssembly
Symbol file LoadedFromMemory doesn't match image C:\Users\Chukwuemeka\Documents\ExtendedReality\GitHub\FurnishAR\Library\PackageCache\com.unity.visualscripting@1.7.6\Editor\VisualScripting.Core\Dependencies\DotNetZip\Unity.VisualScripting.IonicZip.dll
Symbol file LoadedFromMemory doesn't match image C:\Users\Chukwuemeka\Documents\ExtendedReality\GitHub\FurnishAR\Library\PackageCache\com.unity.visualscripting@1.7.6\Editor\VisualScripting.Core\Dependencies\YamlDotNet\Unity.VisualScripting.YamlDotNet.dll
Native extension for WindowsStandalone target not found
Refreshing native plugins compatible for Editor in 258.72 ms, found 3 plugins.
Preloading 0 native plugins for Editor in 0.00 ms.
Package Manager log level set to [2]
Mono: successfully reloaded assembly
- Completed reload, in  3.459 seconds
Domain Reload Profiling:
	ReloadAssembly (3462ms)
		BeginReloadAssembly (288ms)
			ExecutionOrderSort (0ms)
			DisableScriptedObjects (72ms)
			BackupInstance (0ms)
			ReleaseScriptingObjects (0ms)
			CreateAndSetChildDomain (36ms)
		EndReloadAssembly (2994ms)
			LoadAssemblies (185ms)
			RebuildTransferFunctionScriptingTraits (0ms)
			SetupTypeCache (846ms)
			ReleaseScriptCaches (2ms)
			RebuildScriptCaches (193ms)
			SetupLoadedEditorAssemblies (1547ms)
				LogAssemblyErrors (0ms)
				InitializePlatformSupportModulesInManaged (21ms)
				SetLoadedEditorAssemblies (0ms)
				RefreshPlugins (259ms)
				BeforeProcessingInitializeOnLoad (239ms)
				ProcessInitializeOnLoadAttributes (811ms)
				ProcessInitializeOnLoadMethodAttributes (204ms)
				AfterProcessingInitializeOnLoad (12ms)
				EditorAssembliesLoaded (0ms)
			ExecutionOrderSort2 (0ms)
			AwakeInstancesAfterBackupRestoration (10ms)
Platform modules already initialized, skipping
========================================================================
Worker process is ready to serve import requests
Launched and connected shader compiler UnityShaderCompiler.exe after 0.49 seconds
Refreshing native plugins compatible for Editor in 12.84 ms, found 3 plugins.
Preloading 0 native plugins for Editor in 0.00 ms.
Unloading 5077 Unused Serialized files (Serialized files now loaded: 0)
Unloading 82 unused Assets / (156.0 KB). Loaded Objects now: 5495.
Memory consumption went from 173.3 MB to 173.1 MB.
Total: 14.728500 ms (FindLiveObjects: 0.782700 ms CreateObjectMapping: 0.951800 ms MarkObjects: 12.725600 ms  DeleteObjects: 0.265600 ms)

AssetImportParameters requested are different than current active one (requested -> active):
  custom:video-decoder-ogg-theora: a1e56fd34408186e4bbccfd4996cb3dc -> 
  custom:container-muxer-webm: aa71ff27fc2769a1b78a27578f13a17b -> 
  custom:container-demuxer-webm: 4f35f7cbe854078d1ac9338744f61a02 -> 
  custom:video-encoder-webm-vp8: eb34c28f22e8b96e1ab97ce403110664 -> 
  custom:audio-encoder-webm-vorbis: bf7c407c2cedff20999df2af8eb42d56 -> 
  custom:framework-win-MediaFoundation: 216162199b28c13a410421893ffa2e32 -> 
  custom:container-demuxer-ogg: 62fdf1f143b41e24485cea50d1cbac27 -> 
  custom:video-decoder-webm-vp8: 9c59270c3fd7afecdb556c50c9e8de78 -> 
  custom:audio-decoder-ogg-vorbis: bf7c407c2cedff20999df2af8eb42d56 -> 
========================================================================
Received Import Request.
  Time since last request: 269451.733502 seconds.
  path: Assets/Models/uploads_files_159752_Capdell_Moon_b.obj
  artifactKey: Guid(1b1bcbecedb52d14cb3aae01a1c3cf49) Importer(815301076,1909f56bfc062723c751e8b465ee728b)
Start importing Assets/Models/uploads_files_159752_Capdell_Moon_b.obj using Guid(1b1bcbecedb52d14cb3aae01a1c3cf49) Importer(815301076,1909f56bfc062723c751e8b465ee728b)  -> (artifact id: '3c7a5e8d834b4f2ecf8ab1eaf436dac0') in 1.131477 seconds 
========================================================================
Received Import Request.
  Time since last request: 23.914835 seconds.
  path: Assets/Models/uploads_files_159752_Capdell_Moon_b.obj
  artifactKey: Guid(1b1bcbecedb52d14cb3aae01a1c3cf49) Importer(815301076,1909f56bfc062723c751e8b465ee728b)
Start importing Assets/Models/uploads_files_159752_Capdell_Moon_b.obj using Guid(1b1bcbecedb52d14cb3aae01a1c3cf49) Importer(815301076,1909f56bfc062723c751e8b465ee728b)  -> (artifact id: 'c2cadd35f4f2daf858e4d6df35a1306e') in 0.220682 seconds 
========================================================================
Received Import Request.
  Time since last request: 64.697387 seconds.
  path: Assets/Models/CG_TRADER/sceneassets/images
  artifactKey: Guid(01dbb5e5fa4a49340a83bdf036cf9820) Importer(815301076,1909f56bfc062723c751e8b465ee728b)
Start importing Assets/Models/CG_TRADER/sceneassets/images using Guid(01dbb5e5fa4a49340a83bdf036cf9820) Importer(815301076,1909f56bfc062723c751e8b465ee728b)  -> (artifact id: '7a469353004130605a538fc22a2bb3ba') in 0.016793 seconds 
========================================================================
Received Import Request.
  Time since last request: 156.357167 seconds.
  path: Assets/Prefabs/BlueChair.prefab
  artifactKey: Guid(1a4bdc64bcd2e494fb5161a041f3fbd9) Importer(815301076,1909f56bfc062723c751e8b465ee728b)
Start importing Assets/Prefabs/BlueChair.prefab using Guid(1a4bdc64bcd2e494fb5161a041f3fbd9) Importer(815301076,1909f56bfc062723c751e8b465ee728b)  -> (artifact id: 'd150af7f3a914a5265d225e0212d6a07') in 0.094567 seconds 
========================================================================
Received Import Request.
  Time since last request: 77.551899 seconds.
  path: Assets/Models/Soborg 3050.fbx
  artifactKey: Guid(9547aecce5d6a2a4faab4be91c0e20cb) Importer(815301076,1909f56bfc062723c751e8b465ee728b)
Start importing Assets/Models/Soborg 3050.fbx using Guid(9547aecce5d6a2a4faab4be91c0e20cb) Importer(815301076,1909f56bfc062723c751e8b465ee728b)  -> (artifact id: '3aa5e688c446308ad719722922d9fc75') in 0.335816 seconds 
========================================================================
Received Import Request.
  Time since last request: 25.011149 seconds.
  path: Assets/Models/Soborg 3050.fbx
  artifactKey: Guid(9547aecce5d6a2a4faab4be91c0e20cb) Importer(815301076,1909f56bfc062723c751e8b465ee728b)
Start importing Assets/Models/Soborg 3050.fbx using Guid(9547aecce5d6a2a4faab4be91c0e20cb) Importer(815301076,1909f56bfc062723c751e8b465ee728b)  -> (artifact id: '9b63de73eb59dbb3796061b37d0ea58b') in 0.512862 seconds 
========================================================================
Received Import Request.
  Time since last request: 92.089481 seconds.
  path: Assets/Models/Soborg 3050 TEXTURES/Textures link.txt
  artifactKey: Guid(cdee8c4b7d7fc9a40a6cd6620fbddf1f) Importer(815301076,1909f56bfc062723c751e8b465ee728b)
Start importing Assets/Models/Soborg 3050 TEXTURES/Textures link.txt using Guid(cdee8c4b7d7fc9a40a6cd6620fbddf1f) Importer(815301076,1909f56bfc062723c751e8b465ee728b)  -> (artifact id: '96a6d035796eb9b242a69d341f7f09df') in 0.084568 seconds 
========================================================================
Received Import Request.
  Time since last request: 90.647812 seconds.
  path: Assets/Prefabs/WoodenChair.prefab
  artifactKey: Guid(ac038a8414027d04796a6057b67e6788) Importer(815301076,1909f56bfc062723c751e8b465ee728b)
Start importing Assets/Prefabs/WoodenChair.prefab using Guid(ac038a8414027d04796a6057b67e6788) Importer(815301076,1909f56bfc062723c751e8b465ee728b)  -> (artifact id: '0786d636c9d3c39d1401bc5b44716dc8') in 0.060434 seconds 
========================================================================
Received Import Request.
  Time since last request: 49.418685 seconds.
  path: Assets/Models/2_Files
  artifactKey: Guid(5e3bf05951b3a2d4b8c7ce2f7e2b2473) Importer(815301076,1909f56bfc062723c751e8b465ee728b)
Start importing Assets/Models/2_Files using Guid(5e3bf05951b3a2d4b8c7ce2f7e2b2473) Importer(815301076,1909f56bfc062723c751e8b465ee728b)  -> (artifact id: 'a3af6f4b64fdcf9fa1b737022deb2845') in 0.018669 seconds 
========================================================================
Received Import Request.
  Time since last request: 33.424784 seconds.
  path: Assets/Models/2.FBX
  artifactKey: Guid(877208c3ee5fa934e8e32372565e9ed5) Importer(815301076,1909f56bfc062723c751e8b465ee728b)
Start importing Assets/Models/2.FBX using Guid(877208c3ee5fa934e8e32372565e9ed5) Importer(815301076,1909f56bfc062723c751e8b465ee728b)  -> (artifact id: '1cb9ccc6a75c0793f98dcc745cd0286b') in 0.231479 seconds 
========================================================================
Received Import Request.
  Time since last request: 5.270805 seconds.
  path: Assets/Models/2.FBX
  artifactKey: Guid(877208c3ee5fa934e8e32372565e9ed5) Importer(815301076,1909f56bfc062723c751e8b465ee728b)
Start importing Assets/Models/2.FBX using Guid(877208c3ee5fa934e8e32372565e9ed5) Importer(815301076,1909f56bfc062723c751e8b465ee728b)  -> (artifact id: 'd58e285fe67279ef00da89be24a97c5e') in 0.340452 seconds 
========================================================================
Received Import Request.
  Time since last request: 202.053878 seconds.
  path: Assets/Prefabs/RockChair.prefab
  artifactKey: Guid(499838067273d324cb5e9a352ddd0ed2) Importer(815301076,1909f56bfc062723c751e8b465ee728b)
Start importing Assets/Prefabs/RockChair.prefab using Guid(499838067273d324cb5e9a352ddd0ed2) Importer(815301076,1909f56bfc062723c751e8b465ee728b)  -> (artifact id: 'ceaa7835dfd411595ddea9a03d600206') in 0.281756 seconds 
========================================================================
Received Import Request.
  Time since last request: 129.807535 seconds.
  path: Assets/Models/7.FBX
  artifactKey: Guid(3f136c8500dcd564b9bfc993aabbbc36) Importer(815301076,1909f56bfc062723c751e8b465ee728b)
Start importing Assets/Models/7.FBX using Guid(3f136c8500dcd564b9bfc993aabbbc36) Importer(815301076,1909f56bfc062723c751e8b465ee728b)  -> (artifact id: 'e9d7f5fdc4d45e30c1e0013d79e908b9') in 1.491768 seconds 
========================================================================
Received Import Request.
  Time since last request: 7.456948 seconds.
  path: Assets/Models/7.FBX
  artifactKey: Guid(3f136c8500dcd564b9bfc993aabbbc36) Importer(815301076,1909f56bfc062723c751e8b465ee728b)
Start importing Assets/Models/7.FBX using Guid(3f136c8500dcd564b9bfc993aabbbc36) Importer(815301076,1909f56bfc062723c751e8b465ee728b)  -> (artifact id: '1f65338c77da5017c72ccaf5dca85e66') in 1.122537 seconds 
========================================================================
Received Import Request.
  Time since last request: 5.425759 seconds.
  path: Assets/Models/7_Files
  artifactKey: Guid(8fba3b56119270147a69177dda0173a5) Importer(815301076,1909f56bfc062723c751e8b465ee728b)
Start importing Assets/Models/7_Files using Guid(8fba3b56119270147a69177dda0173a5) Importer(815301076,1909f56bfc062723c751e8b465ee728b)  -> (artifact id: '7015893e43651848c9aacce84606acde') in 0.019721 seconds 
========================================================================
Received Import Request.
  Time since last request: 7.961610 seconds.
  path: Assets/Models/7_Files/8122.jpg
  artifactKey: Guid(31cbd5a30b6307f46a73fda5d194717e) Importer(815301076,1909f56bfc062723c751e8b465ee728b)
Start importing Assets/Models/7_Files/8122.jpg using Guid(31cbd5a30b6307f46a73fda5d194717e) Importer(815301076,1909f56bfc062723c751e8b465ee728b)  -> (artifact id: '9aed3c2f6948717829cecd2036d9c36c') in 0.157857 seconds 
========================================================================
Received Import Request.
  Time since last request: 0.502451 seconds.
  path: Assets/Models/7_Files/8121.jpg
  artifactKey: Guid(22bf4edfc29d19a40a408c7da47d9a68) Importer(815301076,1909f56bfc062723c751e8b465ee728b)
Start importing Assets/Models/7_Files/8121.jpg using Guid(22bf4edfc29d19a40a408c7da47d9a68) Importer(815301076,1909f56bfc062723c751e8b465ee728b)  -> (artifact id: 'a16e3d4f17803cc8a1a6dd059b84d9c2') in 0.208217 seconds 
========================================================================
Received Import Request.
  Time since last request: 68.960809 seconds.
  path: Assets/Prefabs/NetChair.prefab
  artifactKey: Guid(6f3a053b919cba64297cb1aa50613aa4) Importer(815301076,1909f56bfc062723c751e8b465ee728b)
Start importing Assets/Prefabs/NetChair.prefab using Guid(6f3a053b919cba64297cb1aa50613aa4) Importer(815301076,1909f56bfc062723c751e8b465ee728b)  -> (artifact id: 'b9a2d5d5f64056bc2a941fe7216504cb') in 0.327265 seconds 
========================================================================
Received Import Request.
  Time since last request: 58.369071 seconds.
  path: Assets/Models/HUG ARMCHAIR
  artifactKey: Guid(bba58e6bd74b6b2478129f3352a7b0d9) Importer(815301076,1909f56bfc062723c751e8b465ee728b)
Start importing Assets/Models/HUG ARMCHAIR using Guid(bba58e6bd74b6b2478129f3352a7b0d9) Importer(815301076,1909f56bfc062723c751e8b465ee728b)  -> (artifact id: '15cb5509d6730a4fb32d6f782a1b7b31') in 0.029880 seconds 
========================================================================
Received Import Request.
  Time since last request: 7.304475 seconds.
  path: Assets/Models/CG_TRADER
  artifactKey: Guid(1513316a22f8e1349bf2f153dd51b4fc) Importer(815301076,1909f56bfc062723c751e8b465ee728b)
Start importing Assets/Models/CG_TRADER using Guid(1513316a22f8e1349bf2f153dd51b4fc) Importer(815301076,1909f56bfc062723c751e8b465ee728b)  -> (artifact id: '3ae350eea052ce3e3e229027554aa519') in 0.018203 seconds 
========================================================================
Received Import Request.
  Time since last request: 59.338560 seconds.
  path: Assets/Models/HUG ARMCHAIR.obj
  artifactKey: Guid(4ae8f5fdeae3e124893709a7d8e001f3) Importer(815301076,1909f56bfc062723c751e8b465ee728b)
Start importing Assets/Models/HUG ARMCHAIR.obj using Guid(4ae8f5fdeae3e124893709a7d8e001f3) Importer(815301076,1909f56bfc062723c751e8b465ee728b)  -> (artifact id: 'b5433d1603c14bbf656e99ab27b69cd2') in 0.315309 seconds 
========================================================================
Received Import Request.
  Time since last request: 7.939681 seconds.
  path: Assets/Models/HUG ARMCHAIR.obj
  artifactKey: Guid(4ae8f5fdeae3e124893709a7d8e001f3) Importer(815301076,1909f56bfc062723c751e8b465ee728b)
Start importing Assets/Models/HUG ARMCHAIR.obj using Guid(4ae8f5fdeae3e124893709a7d8e001f3) Importer(815301076,1909f56bfc062723c751e8b465ee728b)  -> (artifact id: '3469af2170c7752e2f3d682209e888f9') in 0.228645 seconds 
========================================================================
Received Import Request.
  Time since last request: 102.893798 seconds.
  path: Assets/Models/HUG ARMCHAIR/HUG ARMCHAIR.mtl
  artifactKey: Guid(976fda40865a3554a8532ddf4a77926d) Importer(815301076,1909f56bfc062723c751e8b465ee728b)
Start importing Assets/Models/HUG ARMCHAIR/HUG ARMCHAIR.mtl using Guid(976fda40865a3554a8532ddf4a77926d) Importer(815301076,1909f56bfc062723c751e8b465ee728b)  -> (artifact id: 'c23ecdda394df4682e7c6d2ab2e6ca01') in 0.018090 seconds 
========================================================================
Received Import Request.
  Time since last request: 17.536730 seconds.
  path: Assets/Models/HUG ARMCHAIR.obj
  artifactKey: Guid(4ae8f5fdeae3e124893709a7d8e001f3) Importer(815301076,1909f56bfc062723c751e8b465ee728b)
Start importing Assets/Models/HUG ARMCHAIR.obj using Guid(4ae8f5fdeae3e124893709a7d8e001f3) Importer(815301076,1909f56bfc062723c751e8b465ee728b)  -> (artifact id: 'dfdc82150cafde0bd6c4534396a4089c') in 0.230062 seconds 
========================================================================
Received Import Request.
  Time since last request: 332.884470 seconds.
  path: Assets/Prefabs/YellowArmChair.prefab
  artifactKey: Guid(c0d08e75e5fb18943813ae4e6796bb37) Importer(815301076,1909f56bfc062723c751e8b465ee728b)
Start importing Assets/Prefabs/YellowArmChair.prefab using Guid(c0d08e75e5fb18943813ae4e6796bb37) Importer(815301076,1909f56bfc062723c751e8b465ee728b)  -> (artifact id: 'ae4c9ed8cd7116ffd27de433a78654ef') in 0.093657 seconds 
========================================================================
Received Import Request.
  Time since last request: 139.339543 seconds.
  path: Assets/Transparent Image/Transparent Furniture/2-modern-rocking-chair_orig-removebg-preview.png
  artifactKey: Guid(7d81ecd53d9f7384db780af35b2ec34a) Importer(815301076,1909f56bfc062723c751e8b465ee728b)
Start importing Assets/Transparent Image/Transparent Furniture/2-modern-rocking-chair_orig-removebg-preview.png using Guid(7d81ecd53d9f7384db780af35b2ec34a) Importer(815301076,1909f56bfc062723c751e8b465ee728b)  -> (artifact id: '7ba5cdf6225b4281315bb72f1df1e52b') in 0.060004 seconds 
========================================================================
Received Import Request.
  Time since last request: 2.549540 seconds.
  path: Assets/Transparent Image/Transparent Furniture/7-modern-rattan-chair_orig-removebg-preview.png
  artifactKey: Guid(e95834ae084b51749baf6677bcd9884a) Importer(815301076,1909f56bfc062723c751e8b465ee728b)
Start importing Assets/Transparent Image/Transparent Furniture/7-modern-rattan-chair_orig-removebg-preview.png using Guid(e95834ae084b51749baf6677bcd9884a) Importer(815301076,1909f56bfc062723c751e8b465ee728b)  -> (artifact id: '536a145cf93fcc7ba5a947ab7ab2e27c') in 0.099532 seconds 
========================================================================
Received Import Request.
  Time since last request: 23.213988 seconds.
  path: Assets/Transparent Image/Transparent Furniture/7-modern-rattan-chair_orig-removebg-preview.png
  artifactKey: Guid(e95834ae084b51749baf6677bcd9884a) Importer(815301076,1909f56bfc062723c751e8b465ee728b)
Start importing Assets/Transparent Image/Transparent Furniture/7-modern-rattan-chair_orig-removebg-preview.png using Guid(e95834ae084b51749baf6677bcd9884a) Importer(815301076,1909f56bfc062723c751e8b465ee728b)  -> (artifact id: '90e0d53c709667f3fb244fe1cb0b205f') in 0.235665 seconds 
========================================================================
Received Import Request.
  Time since last request: 186.082137 seconds.
  path: Assets/Prefabs/YellowArmChair.prefab
  artifactKey: Guid(c0d08e75e5fb18943813ae4e6796bb37) Importer(815301076,1909f56bfc062723c751e8b465ee728b)
Start importing Assets/Prefabs/YellowArmChair.prefab using Guid(c0d08e75e5fb18943813ae4e6796bb37) Importer(815301076,1909f56bfc062723c751e8b465ee728b)  -> (artifact id: '45eb6ece2c7bbdd7349d6b6b896874f3') in 0.248500 seconds 
========================================================================
Received Import Request.
  Time since last request: 10.389538 seconds.
  path: Assets/Models/HUG ARMCHAIR.obj
  artifactKey: Guid(4ae8f5fdeae3e124893709a7d8e001f3) Importer(815301076,1909f56bfc062723c751e8b465ee728b)
Start importing Assets/Models/HUG ARMCHAIR.obj using Guid(4ae8f5fdeae3e124893709a7d8e001f3) Importer(815301076,1909f56bfc062723c751e8b465ee728b)  -> (artifact id: 'a911f96d7327bb322457449f9691e727') in 0.525287 seconds 
========================================================================
Received Import Request.
  Time since last request: 126.747185 seconds.
  path: Assets/Prefabs/FurYellowArmChair.prefab
  artifactKey: Guid(4dea20cac1ac4204592a27cd91d4c2b1) Importer(815301076,1909f56bfc062723c751e8b465ee728b)
Start importing Assets/Prefabs/FurYellowArmChair.prefab using Guid(4dea20cac1ac4204592a27cd91d4c2b1) Importer(815301076,1909f56bfc062723c751e8b465ee728b)  -> (artifact id: '4445483d9129293039527ab0bb80f470') in 0.506696 seconds 
========================================================================
Received Import Request.
  Time since last request: 136.416583 seconds.
  path: Assets/Prefabs/FurBrownWoodenChar.prefab
  artifactKey: Guid(13caacbd1102fc84381e931b70b57b59) Importer(815301076,1909f56bfc062723c751e8b465ee728b)
Start importing Assets/Prefabs/FurBrownWoodenChar.prefab using Guid(13caacbd1102fc84381e931b70b57b59) Importer(815301076,1909f56bfc062723c751e8b465ee728b)  -> (artifact id: '755f5a3cbe6349ac3dc6688ac20c6232') in 0.719321 seconds 
========================================================================
Received Import Request.
  Time since last request: 114.356792 seconds.
  path: Assets/Prefabs/FurRockChair.prefab
  artifactKey: Guid(bc2df0db64c0a5449bd3c7e073c6d774) Importer(815301076,1909f56bfc062723c751e8b465ee728b)
Start importing Assets/Prefabs/FurRockChair.prefab using Guid(bc2df0db64c0a5449bd3c7e073c6d774) Importer(815301076,1909f56bfc062723c751e8b465ee728b)  -> (artifact id: 'b4c816fe90b27cbbd91bab53a504ee2a') in 0.751120 seconds 
========================================================================
Received Import Request.
  Time since last request: 12.364239 seconds.
  path: Assets/Prefabs/FurYellowArmChair.prefab
  artifactKey: Guid(4dea20cac1ac4204592a27cd91d4c2b1) Importer(815301076,1909f56bfc062723c751e8b465ee728b)
Start importing Assets/Prefabs/FurYellowArmChair.prefab using Guid(4dea20cac1ac4204592a27cd91d4c2b1) Importer(815301076,1909f56bfc062723c751e8b465ee728b)  -> (artifact id: '6a013687a1c7bdfb086ded8b4c4208df') in 0.559246 seconds 
========================================================================
Received Import Request.
  Time since last request: 5.985825 seconds.
  path: Assets/Prefabs/FurBrownWoodenChar.prefab
  artifactKey: Guid(13caacbd1102fc84381e931b70b57b59) Importer(815301076,1909f56bfc062723c751e8b465ee728b)
Start importing Assets/Prefabs/FurBrownWoodenChar.prefab using Guid(13caacbd1102fc84381e931b70b57b59) Importer(815301076,1909f56bfc062723c751e8b465ee728b)  -> (artifact id: '96a1f0f0b0fc302e3a7f1372965aefbc') in 0.418255 seconds 
========================================================================
Received Import Request.
  Time since last request: 3.597405 seconds.
  path: Assets/Prefabs/FurBrownWoodenChar.prefab
  artifactKey: Guid(13caacbd1102fc84381e931b70b57b59) Importer(815301076,1909f56bfc062723c751e8b465ee728b)
Start importing Assets/Prefabs/FurBrownWoodenChar.prefab using Guid(13caacbd1102fc84381e931b70b57b59) Importer(815301076,1909f56bfc062723c751e8b465ee728b)  -> (artifact id: '53601d3ee7e7da022bdb34e3fc9cb084') in 0.460444 seconds 
========================================================================
Received Import Request.
  Time since last request: 4.712023 seconds.
  path: Assets/Prefabs/FurBrownWoodenChar.prefab
  artifactKey: Guid(13caacbd1102fc84381e931b70b57b59) Importer(815301076,1909f56bfc062723c751e8b465ee728b)
Start importing Assets/Prefabs/FurBrownWoodenChar.prefab using Guid(13caacbd1102fc84381e931b70b57b59) Importer(815301076,1909f56bfc062723c751e8b465ee728b)  -> (artifact id: '87437feeaf2fd1f8cb09fba11b326f2e') in 0.564347 seconds 
========================================================================
Received Import Request.
  Time since last request: 83.879440 seconds.
  path: Assets/Prefabs/FurNetChair.prefab
  artifactKey: Guid(8cfffbc26e03bdc48b5a1966cfaa36ed) Importer(815301076,1909f56bfc062723c751e8b465ee728b)
Start importing Assets/Prefabs/FurNetChair.prefab using Guid(8cfffbc26e03bdc48b5a1966cfaa36ed) Importer(815301076,1909f56bfc062723c751e8b465ee728b)  -> (artifact id: '6130090cd6cd43c2ee21ba51f1a93f44') in 0.480226 seconds 
========================================================================
Received Import Request.
  Time since last request: 95.548378 seconds.
  path: Assets/Prefabs/FurBlueChair.prefab
  artifactKey: Guid(99fe03527356a1446a011a410917ee12) Importer(815301076,1909f56bfc062723c751e8b465ee728b)
Start importing Assets/Prefabs/FurBlueChair.prefab using Guid(99fe03527356a1446a011a410917ee12) Importer(815301076,1909f56bfc062723c751e8b465ee728b)  -> (artifact id: 'e6666c6635e31b415d8f121167f20e7f') in 0.527884 seconds 
========================================================================
Received Import Request.
  Time since last request: 1399.221852 seconds.
  path: Assets/Transparent Image/Transparent Furniture/capdell-moon-bold-3d-model-max-obj-removebg-preview.png
  artifactKey: Guid(1406eda3bf9f0254f938ae7c39ba2b63) Importer(815301076,1909f56bfc062723c751e8b465ee728b)
Start importing Assets/Transparent Image/Transparent Furniture/capdell-moon-bold-3d-model-max-obj-removebg-preview.png using Guid(1406eda3bf9f0254f938ae7c39ba2b63) Importer(815301076,1909f56bfc062723c751e8b465ee728b)  -> (artifact id: '0b45cea6951b37a9fc57c8949f4b6271') in 0.799509 seconds 
========================================================================
Received Import Request.
  Time since last request: 0.000091 seconds.
  path: Assets/Transparent Image/Transparent Furniture/soborg-3050-wood-chair-3d-model-obj-fbx-blend__1_-removebg-preview.png
  artifactKey: Guid(5b4bc8379e386c3439acb4b24965d1fc) Importer(815301076,1909f56bfc062723c751e8b465ee728b)
Start importing Assets/Transparent Image/Transparent Furniture/soborg-3050-wood-chair-3d-model-obj-fbx-blend__1_-removebg-preview.png using Guid(5b4bc8379e386c3439acb4b24965d1fc) Importer(815301076,1909f56bfc062723c751e8b465ee728b)  -> (artifact id: '09a1e0b416f831640645872b5778d16a') in 0.310555 seconds 
========================================================================
Received Import Request.
  Time since last request: 0.000096 seconds.
  path: Assets/Transparent Image/Transparent Furniture/yellow-armchair-3d-model-max-removebg-preview.png
  artifactKey: Guid(6ef256edd1b4fb44c86131709c48ade1) Importer(815301076,1909f56bfc062723c751e8b465ee728b)
Start importing Assets/Transparent Image/Transparent Furniture/yellow-armchair-3d-model-max-removebg-preview.png using Guid(6ef256edd1b4fb44c86131709c48ade1) Importer(815301076,1909f56bfc062723c751e8b465ee728b)  -> (artifact id: '8b8079cc2f23456c4ecca291893a4076') in 0.553302 seconds 
========================================================================
Received Import Request.
  Time since last request: 487.001031 seconds.
  path: Assets/Scenes/SplashScreen.unity
  artifactKey: Guid(4e566821882455f4b867cf5f46899925) Importer(815301076,1909f56bfc062723c751e8b465ee728b)
Start importing Assets/Scenes/SplashScreen.unity using Guid(4e566821882455f4b867cf5f46899925) Importer(815301076,1909f56bfc062723c751e8b465ee728b)  -> (artifact id: '62a4b7e5e663546ac7c3805de38c91e3') in 0.037668 seconds 
========================================================================
Received Import Request.
  Time since last request: 2.379568 seconds.
  path: Assets/Scenes/ProductScene.unity
  artifactKey: Guid(966a6d35d3c2b374fbbcf533d749f635) Importer(815301076,1909f56bfc062723c751e8b465ee728b)
Start importing Assets/Scenes/ProductScene.unity using Guid(966a6d35d3c2b374fbbcf533d749f635) Importer(815301076,1909f56bfc062723c751e8b465ee728b)  -> (artifact id: 'a4937d70e49a140a732cbd2d42f51d15') in 0.072494 seconds 
========================================================================
Received Import Request.
  Time since last request: 3.819938 seconds.
  path: Assets/Scenes/HomeScene.unity
  artifactKey: Guid(4b504d4b1bc2ea5439df1112c68a2fde) Importer(815301076,1909f56bfc062723c751e8b465ee728b)
Start importing Assets/Scenes/HomeScene.unity using Guid(4b504d4b1bc2ea5439df1112c68a2fde) Importer(815301076,1909f56bfc062723c751e8b465ee728b)  -> (artifact id: 'ebcbc9642eb1d9f1e1418154ff771774') in 0.030204 seconds 
========================================================================
Received Import Request.
  Time since last request: 632.955392 seconds.
  path: Assets/Models/2_Files/brown.mat
  artifactKey: Guid(fb5a0b3fef163a742a8a1c02b9ca75f2) Importer(815301076,1909f56bfc062723c751e8b465ee728b)
Start importing Assets/Models/2_Files/brown.mat using Guid(fb5a0b3fef163a742a8a1c02b9ca75f2) Importer(815301076,1909f56bfc062723c751e8b465ee728b)  -> (artifact id: '3407e38e28d0725d23568035f04108da') in 0.394340 seconds 
========================================================================
Received Import Request.
  Time since last request: 0.000053 seconds.
  path: Assets/Models/Materials/Cylinder065Mat.mat
  artifactKey: Guid(1ed5c0aeb9ba7f943bedbbff055606b8) Importer(815301076,1909f56bfc062723c751e8b465ee728b)
Start importing Assets/Models/Materials/Cylinder065Mat.mat using Guid(1ed5c0aeb9ba7f943bedbbff055606b8) Importer(815301076,1909f56bfc062723c751e8b465ee728b)  -> (artifact id: 'cefe50af1d9c600c6650ebdfe769b5f8') in 0.247942 seconds 
========================================================================
Received Import Request.
  Time since last request: 0.000042 seconds.
  path: Assets/Models/2_Files/Chrome.mat
  artifactKey: Guid(40d60b78d0be4dd45af21d6a994a66d7) Importer(815301076,1909f56bfc062723c751e8b465ee728b)
Start importing Assets/Models/2_Files/Chrome.mat using Guid(40d60b78d0be4dd45af21d6a994a66d7) Importer(815301076,1909f56bfc062723c751e8b465ee728b)  -> (artifact id: 'be9589c02633f2a4929df19453d1c7a1') in 0.854790 seconds 
========================================================================
Received Import Request.
  Time since last request: 0.000081 seconds.
  path: Assets/Models/Materials/HUG_Armchair_602_014Mat.mat
  artifactKey: Guid(52b6f328444e11b4d86a367297ca36b0) Importer(815301076,1909f56bfc062723c751e8b465ee728b)
Start importing Assets/Models/Materials/HUG_Armchair_602_014Mat.mat using Guid(52b6f328444e11b4d86a367297ca36b0) Importer(815301076,1909f56bfc062723c751e8b465ee728b)  -> (artifact id: '23e0690c3b6133b50bac3bf320c9d43c') in 0.098646 seconds 
========================================================================
Received Import Request.
  Time since last request: 0.000037 seconds.
  path: Assets/Models/2_Files/i.mat
  artifactKey: Guid(3fed1ba349595444fb30ee0cf1e4a0b5) Importer(815301076,1909f56bfc062723c751e8b465ee728b)
Start importing Assets/Models/2_Files/i.mat using Guid(3fed1ba349595444fb30ee0cf1e4a0b5) Importer(815301076,1909f56bfc062723c751e8b465ee728b)  -> (artifact id: 'ed3b085fbfd374981e648a39f0a854b8') in 0.420734 seconds 
========================================================================
Received Import Request.
  Time since last request: 0.000041 seconds.
  path: Assets/Models/HUG ARMCHAIR/HUG_Armchair_602_014Mat.mat
  artifactKey: Guid(6d6db02a03da60c4fb0d02c0117e7274) Importer(815301076,1909f56bfc062723c751e8b465ee728b)
Start importing Assets/Models/HUG ARMCHAIR/HUG_Armchair_602_014Mat.mat using Guid(6d6db02a03da60c4fb0d02c0117e7274) Importer(815301076,1909f56bfc062723c751e8b465ee728b)  -> (artifact id: 'ae98028637d8e5e3611a361f317a9a36') in 0.380254 seconds 
========================================================================
Received Import Request.
  Time since last request: 0.000996 seconds.
  path: Assets/Models/7_Files/color.mat
  artifactKey: Guid(d5afebbe09598b6448c153fe44e4bfea) Importer(815301076,1909f56bfc062723c751e8b465ee728b)
Start importing Assets/Models/7_Files/color.mat using Guid(d5afebbe09598b6448c153fe44e4bfea) Importer(815301076,1909f56bfc062723c751e8b465ee728b)  -> (artifact id: '2ab8eb5a6f2f09ca73702b67dbb429f7') in 0.390948 seconds 
========================================================================
Received Import Request.
  Time since last request: 70680.060898 seconds.
  path: Assets/Prefabs/BlueChair.prefab
  artifactKey: Guid(1a4bdc64bcd2e494fb5161a041f3fbd9) Importer(815301076,1909f56bfc062723c751e8b465ee728b)
Start importing Assets/Prefabs/BlueChair.prefab using Guid(1a4bdc64bcd2e494fb5161a041f3fbd9) Importer(815301076,1909f56bfc062723c751e8b465ee728b)  -> (artifact id: '62a6a9cfe11288fa2ea62700e862e5b0') in 1.285032 seconds 
========================================================================
Received Import Request.
  Time since last request: 117.684815 seconds.
  path: Assets/Prefabs/NetChair.prefab
  artifactKey: Guid(6f3a053b919cba64297cb1aa50613aa4) Importer(815301076,1909f56bfc062723c751e8b465ee728b)
Start importing Assets/Prefabs/NetChair.prefab using Guid(6f3a053b919cba64297cb1aa50613aa4) Importer(815301076,1909f56bfc062723c751e8b465ee728b)  -> (artifact id: '49b6dbae4da2551a688fb87c45bdad48') in 2.563383 seconds 
========================================================================
Received Import Request.
  Time since last request: 36.743955 seconds.
  path: Assets/Transparent Image/Transparent Furniture/2-modern-rocking-chair_orig-removebg-preview.png
  artifactKey: Guid(7d81ecd53d9f7384db780af35b2ec34a) Importer(815301076,1909f56bfc062723c751e8b465ee728b)
Start importing Assets/Transparent Image/Transparent Furniture/2-modern-rocking-chair_orig-removebg-preview.png using Guid(7d81ecd53d9f7384db780af35b2ec34a) Importer(815301076,1909f56bfc062723c751e8b465ee728b)  -> (artifact id: '081a9b98658d38944bdb6604debe5800') in 10.587920 seconds 
========================================================================
Received Prepare
Registering precompiled user dll's ...
Registered in 0.154630 seconds.
Begin MonoManager ReloadAssembly
Symbol file LoadedFromMemory doesn't match image C:\Users\Chukwuemeka\Documents\ExtendedReality\GitHub\FurnishAR\Library\PackageCache\com.unity.visualscripting@1.7.6\Editor\VisualScripting.Core\Dependencies\DotNetZip\Unity.VisualScripting.IonicZip.dll
Symbol file LoadedFromMemory doesn't match image C:\Users\Chukwuemeka\Documents\ExtendedReality\GitHub\FurnishAR\Library\PackageCache\com.unity.visualscripting@1.7.6\Editor\VisualScripting.Core\Dependencies\YamlDotNet\Unity.VisualScripting.YamlDotNet.dll
Native extension for WindowsStandalone target not found
Refreshing native plugins compatible for Editor in 29.99 ms, found 3 plugins.
Preloading 0 native plugins for Editor in 0.00 ms.
Mono: successfully reloaded assembly
- Completed reload, in 80.552 seconds
Domain Reload Profiling:
	ReloadAssembly (84481ms)
		BeginReloadAssembly (52176ms)
			ExecutionOrderSort (0ms)
			DisableScriptedObjects (2955ms)
			BackupInstance (0ms)
			ReleaseScriptingObjects (1ms)
			CreateAndSetChildDomain (22140ms)
		EndReloadAssembly (28284ms)
			LoadAssemblies (3597ms)
			RebuildTransferFunctionScriptingTraits (42ms)
			SetupTypeCache (6339ms)
			ReleaseScriptCaches (63ms)
			RebuildScriptCaches (642ms)
			SetupLoadedEditorAssemblies (14015ms)
				LogAssemblyErrors (0ms)
				InitializePlatformSupportModulesInManaged (273ms)
				SetLoadedEditorAssemblies (37ms)
				RefreshPlugins (30ms)
				BeforeProcessingInitializeOnLoad (1467ms)
				ProcessInitializeOnLoadAttributes (8439ms)
				ProcessInitializeOnLoadMethodAttributes (3713ms)
				AfterProcessingInitializeOnLoad (56ms)
				EditorAssembliesLoaded (1ms)
			ExecutionOrderSort2 (0ms)
			AwakeInstancesAfterBackupRestoration (982ms)
Platform modules already initialized, skipping
Switching build target platform(19) subTarget(0) extendedPlatform(0) -> platform(13) subTarget(0) extendedPlatform(0)
Refreshing native plugins compatible for Editor in 21.87 ms, found 3 plugins.
Preloading 0 native plugins for Editor in 0.00 ms.
Unloading 5049 Unused Serialized files (Serialized files now loaded: 0)
Unloading 72 unused Assets / (148.5 KB). Loaded Objects now: 5683.
Memory consumption went from 180.1 MB to 179.9 MB.
Total: 233.554300 ms (FindLiveObjects: 1.585500 ms CreateObjectMapping: 3.022100 ms MarkObjects: 228.477600 ms  DeleteObjects: 0.464200 ms)

AssetImportParameters requested are different than current active one (requested -> active):
  custom:video-decoder-ogg-theora: a1e56fd34408186e4bbccfd4996cb3dc -> 
  custom:container-muxer-webm: aa71ff27fc2769a1b78a27578f13a17b -> 
  custom:container-demuxer-webm: 4f35f7cbe854078d1ac9338744f61a02 -> 
  custom:video-encoder-webm-vp8: eb34c28f22e8b96e1ab97ce403110664 -> 
  custom:audio-encoder-webm-vorbis: bf7c407c2cedff20999df2af8eb42d56 -> 
  custom:framework-win-MediaFoundation: 216162199b28c13a410421893ffa2e32 -> 
  custom:container-demuxer-ogg: 62fdf1f143b41e24485cea50d1cbac27 -> 
  custom:video-decoder-webm-vp8: 9c59270c3fd7afecdb556c50c9e8de78 -> 
  custom:audio-decoder-ogg-vorbis: bf7c407c2cedff20999df2af8eb42d56 -> 
========================================================================
Received Prepare
Registering precompiled user dll's ...
Registered in 0.032105 seconds.
Begin MonoManager ReloadAssembly
Symbol file LoadedFromMemory doesn't match image C:\Users\Chukwuemeka\Documents\ExtendedReality\GitHub\FurnishAR\Library\PackageCache\com.unity.visualscripting@1.7.6\Editor\VisualScripting.Core\Dependencies\DotNetZip\Unity.VisualScripting.IonicZip.dll
Symbol file LoadedFromMemory doesn't match image C:\Users\Chukwuemeka\Documents\ExtendedReality\GitHub\FurnishAR\Library\PackageCache\com.unity.visualscripting@1.7.6\Editor\VisualScripting.Core\Dependencies\YamlDotNet\Unity.VisualScripting.YamlDotNet.dll
Native extension for WindowsStandalone target not found
Refreshing native plugins compatible for Editor in 4.12 ms, found 3 plugins.
Preloading 0 native plugins for Editor in 0.00 ms.
Mono: successfully reloaded assembly
- Completed reload, in 12.598 seconds
Domain Reload Profiling:
	ReloadAssembly (12601ms)
		BeginReloadAssembly (1781ms)
			ExecutionOrderSort (0ms)
			DisableScriptedObjects (251ms)
			BackupInstance (0ms)
			ReleaseScriptingObjects (0ms)
			CreateAndSetChildDomain (334ms)
		EndReloadAssembly (9912ms)
			LoadAssemblies (1187ms)
			RebuildTransferFunctionScriptingTraits (0ms)
			SetupTypeCache (2476ms)
			ReleaseScriptCaches (6ms)
			RebuildScriptCaches (247ms)
			SetupLoadedEditorAssemblies (4034ms)
				LogAssemblyErrors (0ms)
				InitializePlatformSupportModulesInManaged (66ms)
				SetLoadedEditorAssemblies (2ms)
				RefreshPlugins (4ms)
				BeforeProcessingInitializeOnLoad (589ms)
				ProcessInitializeOnLoadAttributes (2138ms)
				ProcessInitializeOnLoadMethodAttributes (1058ms)
				AfterProcessingInitializeOnLoad (176ms)
				EditorAssembliesLoaded (1ms)
			ExecutionOrderSort2 (0ms)
			AwakeInstancesAfterBackupRestoration (1274ms)
Platform modules already initialized, skipping
Switching build target platform(19) subTarget(0) extendedPlatform(0) -> platform(13) subTarget(0) extendedPlatform(0)
Refreshing native plugins compatible for Editor in 91.77 ms, found 3 plugins.
Preloading 0 native plugins for Editor in 0.00 ms.
Unloading 5042 Unused Serialized files (Serialized files now loaded: 0)
Unloading 72 unused Assets / (148.5 KB). Loaded Objects now: 5685.
Memory consumption went from 179.8 MB to 179.7 MB.
Total: 26.804700 ms (FindLiveObjects: 2.785300 ms CreateObjectMapping: 1.513900 ms MarkObjects: 22.141300 ms  DeleteObjects: 0.359700 ms)

AssetImportParameters requested are different than current active one (requested -> active):
  custom:video-decoder-ogg-theora: a1e56fd34408186e4bbccfd4996cb3dc -> 
  custom:container-muxer-webm: aa71ff27fc2769a1b78a27578f13a17b -> 
  custom:container-demuxer-webm: 4f35f7cbe854078d1ac9338744f61a02 -> 
  custom:video-encoder-webm-vp8: eb34c28f22e8b96e1ab97ce403110664 -> 
  custom:audio-encoder-webm-vorbis: bf7c407c2cedff20999df2af8eb42d56 -> 
  custom:framework-win-MediaFoundation: 216162199b28c13a410421893ffa2e32 -> 
  custom:container-demuxer-ogg: 62fdf1f143b41e24485cea50d1cbac27 -> 
  custom:video-decoder-webm-vp8: 9c59270c3fd7afecdb556c50c9e8de78 -> 
  custom:audio-decoder-ogg-vorbis: bf7c407c2cedff20999df2af8eb42d56 -> 
========================================================================
Received Prepare
Registering precompiled user dll's ...
Registered in 0.178501 seconds.
Begin MonoManager ReloadAssembly
Symbol file LoadedFromMemory doesn't match image C:\Users\Chukwuemeka\Documents\ExtendedReality\GitHub\FurnishAR\Library\PackageCache\com.unity.visualscripting@1.7.6\Editor\VisualScripting.Core\Dependencies\DotNetZip\Unity.VisualScripting.IonicZip.dll
Symbol file LoadedFromMemory doesn't match image C:\Users\Chukwuemeka\Documents\ExtendedReality\GitHub\FurnishAR\Library\PackageCache\com.unity.visualscripting@1.7.6\Editor\VisualScripting.Core\Dependencies\YamlDotNet\Unity.VisualScripting.YamlDotNet.dll
Native extension for WindowsStandalone target not found
Refreshing native plugins compatible for Editor in 4.85 ms, found 3 plugins.
Preloading 0 native plugins for Editor in 0.00 ms.
Mono: successfully reloaded assembly
- Completed reload, in 13.396 seconds
Domain Reload Profiling:
	ReloadAssembly (13402ms)
		BeginReloadAssembly (2397ms)
			ExecutionOrderSort (0ms)
			DisableScriptedObjects (145ms)
			BackupInstance (0ms)
			ReleaseScriptingObjects (5ms)
			CreateAndSetChildDomain (490ms)
		EndReloadAssembly (9378ms)
			LoadAssemblies (1213ms)
			RebuildTransferFunctionScriptingTraits (0ms)
			SetupTypeCache (3037ms)
			ReleaseScriptCaches (4ms)
			RebuildScriptCaches (276ms)
			SetupLoadedEditorAssemblies (4576ms)
				LogAssemblyErrors (0ms)
				InitializePlatformSupportModulesInManaged (50ms)
				SetLoadedEditorAssemblies (3ms)
				RefreshPlugins (5ms)
				BeforeProcessingInitializeOnLoad (593ms)
				ProcessInitializeOnLoadAttributes (2366ms)
				ProcessInitializeOnLoadMethodAttributes (1366ms)
				AfterProcessingInitializeOnLoad (193ms)
				EditorAssembliesLoaded (1ms)
			ExecutionOrderSort2 (0ms)
			AwakeInstancesAfterBackupRestoration (107ms)
Platform modules already initialized, skipping
Switching build target platform(19) subTarget(0) extendedPlatform(0) -> platform(13) subTarget(0) extendedPlatform(0)
Refreshing native plugins compatible for Editor in 9.86 ms, found 3 plugins.
Preloading 0 native plugins for Editor in 0.00 ms.
Unloading 5042 Unused Serialized files (Serialized files now loaded: 0)
Unloading 72 unused Assets / (148.5 KB). Loaded Objects now: 5687.
Memory consumption went from 179.8 MB to 179.7 MB.
Total: 339.391300 ms (FindLiveObjects: 1.586000 ms CreateObjectMapping: 1.423200 ms MarkObjects: 335.806900 ms  DeleteObjects: 0.569900 ms)

AssetImportParameters requested are different than current active one (requested -> active):
  custom:video-decoder-ogg-theora: a1e56fd34408186e4bbccfd4996cb3dc -> 
  custom:container-muxer-webm: aa71ff27fc2769a1b78a27578f13a17b -> 
  custom:container-demuxer-webm: 4f35f7cbe854078d1ac9338744f61a02 -> 
  custom:video-encoder-webm-vp8: eb34c28f22e8b96e1ab97ce403110664 -> 
  custom:audio-encoder-webm-vorbis: bf7c407c2cedff20999df2af8eb42d56 -> 
  custom:framework-win-MediaFoundation: 216162199b28c13a410421893ffa2e32 -> 
  custom:container-demuxer-ogg: 62fdf1f143b41e24485cea50d1cbac27 -> 
  custom:video-decoder-webm-vp8: 9c59270c3fd7afecdb556c50c9e8de78 -> 
  custom:audio-decoder-ogg-vorbis: bf7c407c2cedff20999df2af8eb42d56 -> 
========================================================================
Received Prepare
Refreshing native plugins compatible for Editor in 60.40 ms, found 3 plugins.
Preloading 0 native plugins for Editor in 0.00 ms.
Unloading 70 Unused Serialized files (Serialized files now loaded: 0)
Unloading 70 unused Assets / (146.1 KB). Loaded Objects now: 5687.
Memory consumption went from 80.5 MB to 80.3 MB.
Total: 32.952800 ms (FindLiveObjects: 1.055300 ms CreateObjectMapping: 1.174500 ms MarkObjects: 30.371500 ms  DeleteObjects: 0.347900 ms)

AssetImportParameters requested are different than current active one (requested -> active):
  custom:video-decoder-ogg-theora: a1e56fd34408186e4bbccfd4996cb3dc -> 
  custom:container-muxer-webm: aa71ff27fc2769a1b78a27578f13a17b -> 
  custom:container-demuxer-webm: 4f35f7cbe854078d1ac9338744f61a02 -> 
  custom:video-encoder-webm-vp8: eb34c28f22e8b96e1ab97ce403110664 -> 
  custom:audio-encoder-webm-vorbis: bf7c407c2cedff20999df2af8eb42d56 -> 
  custom:framework-win-MediaFoundation: 216162199b28c13a410421893ffa2e32 -> 
  custom:container-demuxer-ogg: 62fdf1f143b41e24485cea50d1cbac27 -> 
  custom:video-decoder-webm-vp8: 9c59270c3fd7afecdb556c50c9e8de78 -> 
  custom:audio-decoder-ogg-vorbis: bf7c407c2cedff20999df2af8eb42d56 -> 
========================================================================
Received Import Request.
  Time since last request: 8291.730590 seconds.
  path: Assets/Scenes/HomeScene.unity
  artifactKey: Guid(4b504d4b1bc2ea5439df1112c68a2fde) Importer(815301076,1909f56bfc062723c751e8b465ee728b)
Start importing Assets/Scenes/HomeScene.unity using Guid(4b504d4b1bc2ea5439df1112c68a2fde) Importer(815301076,1909f56bfc062723c751e8b465ee728b)  -> (artifact id: '2ade5bb28968691d0ed74cd344c3d80c') in 39.745008 seconds 
========================================================================
Received Import Request.
  Time since last request: 675.441906 seconds.
  path: Assets/Models/Materials/Cylinder065Mat.mat
  artifactKey: Guid(1ed5c0aeb9ba7f943bedbbff055606b8) Importer(815301076,1909f56bfc062723c751e8b465ee728b)
Start importing Assets/Models/Materials/Cylinder065Mat.mat using Guid(1ed5c0aeb9ba7f943bedbbff055606b8) Importer(815301076,1909f56bfc062723c751e8b465ee728b)  -> (artifact id: 'd48aa71479ce7dd68a14313d63f9992d') in 63.262236 seconds 
========================================================================
Received Import Request.
  Time since last request: 174.995750 seconds.
  path: Assets/Scenes/ARScene.unity
  artifactKey: Guid(2d9584beee7a8e44dae97c1a72fe0ad3) Importer(815301076,1909f56bfc062723c751e8b465ee728b)
Start importing Assets/Scenes/ARScene.unity using Guid(2d9584beee7a8e44dae97c1a72fe0ad3) Importer(815301076,1909f56bfc062723c751e8b465ee728b)  -> (artifact id: '6bf105a2317ff1b6726b28510c6cea26') in 0.140318 seconds 
========================================================================
Received Import Request.
  Time since last request: 163.983950 seconds.
  path: Assets/LeanTween/Examples/Models/AdvancedExamplesText.fbx
  artifactKey: Guid(47a7c1f40f5df413fbc8bf1c01c011a2) Importer(815301076,1909f56bfc062723c751e8b465ee728b)
Start importing Assets/LeanTween/Examples/Models/AdvancedExamplesText.fbx using Guid(47a7c1f40f5df413fbc8bf1c01c011a2) Importer(815301076,1909f56bfc062723c751e8b465ee728b)  -> (artifact id: '317d1d1529aaed083042c98a1704fadc') in 10.209923 seconds 
========================================================================
Received Import Request.
  Time since last request: 0.000115 seconds.
  path: Assets/ARDK/Extensions/MapVisualization/ARMapVisualizationRenderer.prefab
  artifactKey: Guid(1317ae0933d8e4a1798c6426f600fcad) Importer(815301076,1909f56bfc062723c751e8b465ee728b)
Start importing Assets/ARDK/Extensions/MapVisualization/ARMapVisualizationRenderer.prefab using Guid(1317ae0933d8e4a1798c6426f600fcad) Importer(815301076,1909f56bfc062723c751e8b465ee728b)  -> (artifact id: '6701ff47951681cde42f38d59e94213a') in 0.807092 seconds 
========================================================================
Received Import Request.
  Time since last request: 0.000088 seconds.
  path: Assets/LeanTween/Examples/Prefabs/Avatar2dParticles.prefab
  artifactKey: Guid(d50011a464d5f44ccbfefb117020e5cb) Importer(815301076,1909f56bfc062723c751e8b465ee728b)
Start importing Assets/LeanTween/Examples/Prefabs/Avatar2dParticles.prefab using Guid(d50011a464d5f44ccbfefb117020e5cb) Importer(815301076,1909f56bfc062723c751e8b465ee728b)  -> (artifact id: '5e68225ddba7a80796de331a50dd336d') in 2.428064 seconds 
========================================================================
Received Import Request.
  Time since last request: 31.854535 seconds.
  path: Assets/Scenes/ProductScene.unity
  artifactKey: Guid(966a6d35d3c2b374fbbcf533d749f635) Importer(815301076,1909f56bfc062723c751e8b465ee728b)
Start importing Assets/Scenes/ProductScene.unity using Guid(966a6d35d3c2b374fbbcf533d749f635) Importer(815301076,1909f56bfc062723c751e8b465ee728b)  -> (artifact id: '63a9c0102abb5f7656b1fb9ac5a7985b') in 0.196719 seconds 
========================================================================
Received Import Request.
  Time since last request: 478.151672 seconds.
  path: Assets/Scenes/ProductScene.unity
  artifactKey: Guid(966a6d35d3c2b374fbbcf533d749f635) Importer(815301076,1909f56bfc062723c751e8b465ee728b)
Start importing Assets/Scenes/ProductScene.unity using Guid(966a6d35d3c2b374fbbcf533d749f635) Importer(815301076,1909f56bfc062723c751e8b465ee728b)  -> (artifact id: '362dbd0b14c8effd29dedb2f740677b8') in 0.231692 seconds 
========================================================================
Received Import Request.
  Time since last request: 123.916515 seconds.
  path: Assets/Icons/ar.png
  artifactKey: Guid(2758b8ab73a94514b9dbdde62203ae69) Importer(815301076,1909f56bfc062723c751e8b465ee728b)
Start importing Assets/Icons/ar.png using Guid(2758b8ab73a94514b9dbdde62203ae69) Importer(815301076,1909f56bfc062723c751e8b465ee728b)  -> (artifact id: 'ed5720e32eb242ed130ef73b1d3e96f6') in 11.581140 seconds 
========================================================================
Received Import Request.
  Time since last request: 0.130930 seconds.
  path: Assets/Icons/ar.png
  artifactKey: Guid(2758b8ab73a94514b9dbdde62203ae69) Importer(815301076,1909f56bfc062723c751e8b465ee728b)
Start importing Assets/Icons/ar.png using Guid(2758b8ab73a94514b9dbdde62203ae69) Importer(815301076,1909f56bfc062723c751e8b465ee728b)  -> (artifact id: '63e59c694f89462c5a3fc3962540c334') in 2.857342 seconds 
========================================================================
Received Import Request.
  Time since last request: 722.209106 seconds.
  path: Assets/Scenes/ARScene.unity
  artifactKey: Guid(2d9584beee7a8e44dae97c1a72fe0ad3) Importer(815301076,1909f56bfc062723c751e8b465ee728b)
Start importing Assets/Scenes/ARScene.unity using Guid(2d9584beee7a8e44dae97c1a72fe0ad3) Importer(815301076,1909f56bfc062723c751e8b465ee728b)  -> (artifact id: '94ec1356e8418caa3ec4a5bd9573746c') in 0.161523 seconds 
========================================================================
Received Prepare
Registering precompiled user dll's ...
Registered in 0.148284 seconds.
Begin MonoManager ReloadAssembly
Symbol file LoadedFromMemory doesn't match image C:\Users\Chukwuemeka\Documents\ExtendedReality\GitHub\FurnishAR\Library\PackageCache\com.unity.visualscripting@1.7.6\Editor\VisualScripting.Core\Dependencies\DotNetZip\Unity.VisualScripting.IonicZip.dll
Symbol file LoadedFromMemory doesn't match image C:\Users\Chukwuemeka\Documents\ExtendedReality\GitHub\FurnishAR\Library\PackageCache\com.unity.visualscripting@1.7.6\Editor\VisualScripting.Core\Dependencies\YamlDotNet\Unity.VisualScripting.YamlDotNet.dll
Native extension for WindowsStandalone target not found
Refreshing native plugins compatible for Editor in 120.94 ms, found 3 plugins.
Preloading 0 native plugins for Editor in 0.00 ms.
Mono: successfully reloaded assembly
- Completed reload, in 385.848 seconds
Domain Reload Profiling:
	ReloadAssembly (386213ms)
		BeginReloadAssembly (144628ms)
			ExecutionOrderSort (0ms)
			DisableScriptedObjects (13787ms)
			BackupInstance (0ms)
			ReleaseScriptingObjects (5ms)
			CreateAndSetChildDomain (73017ms)
		EndReloadAssembly (222100ms)
			LoadAssemblies (33687ms)
			RebuildTransferFunctionScriptingTraits (1266ms)
			SetupTypeCache (148847ms)
			ReleaseScriptCaches (156ms)
			RebuildScriptCaches (2799ms)
			SetupLoadedEditorAssemblies (23128ms)
				LogAssemblyErrors (0ms)
				InitializePlatformSupportModulesInManaged (886ms)
				SetLoadedEditorAssemblies (136ms)
				RefreshPlugins (121ms)
				BeforeProcessingInitializeOnLoad (3632ms)
				ProcessInitializeOnLoadAttributes (14464ms)
				ProcessInitializeOnLoadMethodAttributes (3860ms)
				AfterProcessingInitializeOnLoad (27ms)
				EditorAssembliesLoaded (1ms)
			ExecutionOrderSort2 (0ms)
			AwakeInstancesAfterBackupRestoration (7495ms)
Platform modules already initialized, skipping
Switching build target platform(19) subTarget(0) extendedPlatform(0) -> platform(13) subTarget(0) extendedPlatform(0)
Refreshing native plugins compatible for Editor in 7.05 ms, found 3 plugins.
Preloading 0 native plugins for Editor in 0.00 ms.
Unloading 5043 Unused Serialized files (Serialized files now loaded: 0)
Unloading 72 unused Assets / (148.6 KB). Loaded Objects now: 5722.
Memory consumption went from 180.9 MB to 180.8 MB.
Total: 412.319900 ms (FindLiveObjects: 2.355200 ms CreateObjectMapping: 2.173300 ms MarkObjects: 385.363500 ms  DeleteObjects: 22.419400 ms)

AssetImportParameters requested are different than current active one (requested -> active):
  custom:video-decoder-ogg-theora: a1e56fd34408186e4bbccfd4996cb3dc -> 
  custom:container-muxer-webm: aa71ff27fc2769a1b78a27578f13a17b -> 
  custom:container-demuxer-webm: 4f35f7cbe854078d1ac9338744f61a02 -> 
  custom:video-encoder-webm-vp8: eb34c28f22e8b96e1ab97ce403110664 -> 
  custom:audio-encoder-webm-vorbis: bf7c407c2cedff20999df2af8eb42d56 -> 
  custom:framework-win-MediaFoundation: 216162199b28c13a410421893ffa2e32 -> 
  custom:container-demuxer-ogg: 62fdf1f143b41e24485cea50d1cbac27 -> 
  custom:video-decoder-webm-vp8: 9c59270c3fd7afecdb556c50c9e8de78 -> 
  custom:audio-decoder-ogg-vorbis: bf7c407c2cedff20999df2af8eb42d56 -> 
========================================================================
Received Prepare
Registering precompiled user dll's ...
Registered in 2.915307 seconds.
Begin MonoManager ReloadAssembly
Symbol file LoadedFromMemory doesn't match image C:\Users\Chukwuemeka\Documents\ExtendedReality\GitHub\FurnishAR\Library\PackageCache\com.unity.visualscripting@1.7.6\Editor\VisualScripting.Core\Dependencies\DotNetZip\Unity.VisualScripting.IonicZip.dll
Symbol file LoadedFromMemory doesn't match image C:\Users\Chukwuemeka\Documents\ExtendedReality\GitHub\FurnishAR\Library\PackageCache\com.unity.visualscripting@1.7.6\Editor\VisualScripting.Core\Dependencies\YamlDotNet\Unity.VisualScripting.YamlDotNet.dll
Native extension for WindowsStandalone target not found
Refreshing native plugins compatible for Editor in 4.90 ms, found 3 plugins.
Preloading 0 native plugins for Editor in 0.00 ms.
Mono: successfully reloaded assembly
- Completed reload, in 44.570 seconds
Domain Reload Profiling:
	ReloadAssembly (44574ms)
		BeginReloadAssembly (14076ms)
			ExecutionOrderSort (0ms)
			DisableScriptedObjects (56ms)
			BackupInstance (0ms)
			ReleaseScriptingObjects (0ms)
			CreateAndSetChildDomain (730ms)
		EndReloadAssembly (26115ms)
			LoadAssemblies (19431ms)
			RebuildTransferFunctionScriptingTraits (0ms)
			SetupTypeCache (5000ms)
			ReleaseScriptCaches (6ms)
			RebuildScriptCaches (580ms)
			SetupLoadedEditorAssemblies (8478ms)
				LogAssemblyErrors (0ms)
				InitializePlatformSupportModulesInManaged (264ms)
				SetLoadedEditorAssemblies (3ms)
				RefreshPlugins (5ms)
				BeforeProcessingInitializeOnLoad (1651ms)
				ProcessInitializeOnLoadAttributes (4780ms)
				ProcessInitializeOnLoadMethodAttributes (1614ms)
				AfterProcessingInitializeOnLoad (156ms)
				EditorAssembliesLoaded (4ms)
			ExecutionOrderSort2 (0ms)
			AwakeInstancesAfterBackupRestoration (551ms)
Platform modules already initialized, skipping
Switching build target platform(19) subTarget(0) extendedPlatform(0) -> platform(13) subTarget(0) extendedPlatform(0)
Refreshing native plugins compatible for Editor in 34.96 ms, found 3 plugins.
Preloading 0 native plugins for Editor in 0.00 ms.
Unloading 5042 Unused Serialized files (Serialized files now loaded: 0)
Unloading 72 unused Assets / (148.6 KB). Loaded Objects now: 5724.
Memory consumption went from 180.7 MB to 180.6 MB.
Total: 40.452000 ms (FindLiveObjects: 2.803100 ms CreateObjectMapping: 2.854500 ms MarkObjects: 32.405000 ms  DeleteObjects: 2.379700 ms)

AssetImportParameters requested are different than current active one (requested -> active):
  custom:video-decoder-ogg-theora: a1e56fd34408186e4bbccfd4996cb3dc -> 
  custom:container-muxer-webm: aa71ff27fc2769a1b78a27578f13a17b -> 
  custom:container-demuxer-webm: 4f35f7cbe854078d1ac9338744f61a02 -> 
  custom:video-encoder-webm-vp8: eb34c28f22e8b96e1ab97ce403110664 -> 
  custom:audio-encoder-webm-vorbis: bf7c407c2cedff20999df2af8eb42d56 -> 
  custom:framework-win-MediaFoundation: 216162199b28c13a410421893ffa2e32 -> 
  custom:container-demuxer-ogg: 62fdf1f143b41e24485cea50d1cbac27 -> 
  custom:video-decoder-webm-vp8: 9c59270c3fd7afecdb556c50c9e8de78 -> 
  custom:audio-decoder-ogg-vorbis: bf7c407c2cedff20999df2af8eb42d56 -> 
========================================================================
Received Import Request.
  Time since last request: 4438.378761 seconds.
  path: Assets/Prefabs/VirtualObjectHolder.prefab
  artifactKey: Guid(61cf27336b9473742a9716c4d35b291a) Importer(815301076,1909f56bfc062723c751e8b465ee728b)
Start importing Assets/Prefabs/VirtualObjectHolder.prefab using Guid(61cf27336b9473742a9716c4d35b291a) Importer(815301076,1909f56bfc062723c751e8b465ee728b)  -> (artifact id: '707e8fe6c15321fb8defcc0b8a160caf') in 2.118019 seconds 
========================================================================
Received Prepare
Registering precompiled user dll's ...
Registered in 0.034419 seconds.
Begin MonoManager ReloadAssembly
Symbol file LoadedFromMemory doesn't match image C:\Users\Chukwuemeka\Documents\ExtendedReality\GitHub\FurnishAR\Library\PackageCache\com.unity.visualscripting@1.7.6\Editor\VisualScripting.Core\Dependencies\DotNetZip\Unity.VisualScripting.IonicZip.dll
Symbol file LoadedFromMemory doesn't match image C:\Users\Chukwuemeka\Documents\ExtendedReality\GitHub\FurnishAR\Library\PackageCache\com.unity.visualscripting@1.7.6\Editor\VisualScripting.Core\Dependencies\YamlDotNet\Unity.VisualScripting.YamlDotNet.dll
Native extension for WindowsStandalone target not found
Refreshing native plugins compatible for Editor in 2.53 ms, found 3 plugins.
Preloading 0 native plugins for Editor in 0.00 ms.
Mono: successfully reloaded assembly
- Completed reload, in  7.788 seconds
Domain Reload Profiling:
	ReloadAssembly (7790ms)
		BeginReloadAssembly (1233ms)
			ExecutionOrderSort (0ms)
			DisableScriptedObjects (30ms)
			BackupInstance (0ms)
			ReleaseScriptingObjects (0ms)
			CreateAndSetChildDomain (119ms)
		EndReloadAssembly (5085ms)
			LoadAssemblies (842ms)
			RebuildTransferFunctionScriptingTraits (0ms)
			SetupTypeCache (1961ms)
			ReleaseScriptCaches (4ms)
			RebuildScriptCaches (139ms)
			SetupLoadedEditorAssemblies (1882ms)
				LogAssemblyErrors (0ms)
				InitializePlatformSupportModulesInManaged (42ms)
				SetLoadedEditorAssemblies (1ms)
				RefreshPlugins (3ms)
				BeforeProcessingInitializeOnLoad (257ms)
				ProcessInitializeOnLoadAttributes (1185ms)
				ProcessInitializeOnLoadMethodAttributes (368ms)
				AfterProcessingInitializeOnLoad (25ms)
				EditorAssembliesLoaded (0ms)
			ExecutionOrderSort2 (0ms)
			AwakeInstancesAfterBackupRestoration (180ms)
Platform modules already initialized, skipping
Switching build target platform(19) subTarget(0) extendedPlatform(0) -> platform(13) subTarget(0) extendedPlatform(0)
Refreshing native plugins compatible for Editor in 3.06 ms, found 3 plugins.
Preloading 0 native plugins for Editor in 0.00 ms.
Unloading 5042 Unused Serialized files (Serialized files now loaded: 0)
Unloading 72 unused Assets / (148.5 KB). Loaded Objects now: 5726.
Memory consumption went from 180.9 MB to 180.8 MB.
Total: 38.362800 ms (FindLiveObjects: 1.218500 ms CreateObjectMapping: 0.977100 ms MarkObjects: 35.851500 ms  DeleteObjects: 0.311900 ms)

AssetImportParameters requested are different than current active one (requested -> active):
  custom:video-decoder-ogg-theora: a1e56fd34408186e4bbccfd4996cb3dc -> 
  custom:container-muxer-webm: aa71ff27fc2769a1b78a27578f13a17b -> 
  custom:container-demuxer-webm: 4f35f7cbe854078d1ac9338744f61a02 -> 
  custom:video-encoder-webm-vp8: eb34c28f22e8b96e1ab97ce403110664 -> 
  custom:audio-encoder-webm-vorbis: bf7c407c2cedff20999df2af8eb42d56 -> 
  custom:framework-win-MediaFoundation: 216162199b28c13a410421893ffa2e32 -> 
  custom:container-demuxer-ogg: 62fdf1f143b41e24485cea50d1cbac27 -> 
  custom:video-decoder-webm-vp8: 9c59270c3fd7afecdb556c50c9e8de78 -> 
  custom:audio-decoder-ogg-vorbis: bf7c407c2cedff20999df2af8eb42d56 -> 
